d:\projects\epic_fall\epic_fall_3d\epic_fall_3d\x64\debug\vc143.pdb
d:\projects\epic_fall\epic_fall_3d\epic_fall_3d\x64\debug\vc143.idb
d:\projects\epic_fall\epic_fall_3d\epic_fall_3d\x64\debug\window.obj
d:\projects\epic_fall\epic_fall_3d\epic_fall_3d\x64\debug\vertexbuffer.obj
d:\projects\epic_fall\epic_fall_3d\epic_fall_3d\x64\debug\vertexarray.obj
d:\projects\epic_fall\epic_fall_3d\epic_fall_3d\x64\debug\shader.obj
d:\projects\epic_fall\epic_fall_3d\epic_fall_3d\x64\debug\renderer.obj
d:\projects\epic_fall\epic_fall_3d\epic_fall_3d\x64\debug\application.obj
d:\projects\epic_fall\epic_fall_3d\epic_fall_3d\x64\debug\glad.obj
d:\projects\epic_fall\epic_fall_3d\epic_fall_3d\x64\debug\debugger.obj
d:\projects\epic_fall\epic_fall_3d\epic_fall_3d\x64\debug\vertexbuffer.obj.enc
d:\projects\epic_fall\epic_fall_3d\x64\debug\epic_fall_3d.pdb
d:\projects\epic_fall\epic_fall_3d\epic_fall_3d\x64\debug\epic_fall_3d.tlog\cl.command.1.tlog
d:\projects\epic_fall\epic_fall_3d\epic_fall_3d\x64\debug\epic_fall_3d.tlog\cl.items.tlog
d:\projects\epic_fall\epic_fall_3d\epic_fall_3d\x64\debug\epic_fall_3d.tlog\cl.read.1.tlog
d:\projects\epic_fall\epic_fall_3d\epic_fall_3d\x64\debug\epic_fall_3d.tlog\cl.write.1.tlog
d:\projects\epic_fall\epic_fall_3d\epic_fall_3d\x64\debug\epic_fall_3d.tlog\link-cvtres.read.1.tlog
d:\projects\epic_fall\epic_fall_3d\epic_fall_3d\x64\debug\epic_fall_3d.tlog\link-cvtres.write.1.tlog
d:\projects\epic_fall\epic_fall_3d\epic_fall_3d\x64\debug\epic_fall_3d.tlog\link-rc.read.1.tlog
d:\projects\epic_fall\epic_fall_3d\epic_fall_3d\x64\debug\epic_fall_3d.tlog\link-rc.write.1.tlog
d:\projects\epic_fall\epic_fall_3d\epic_fall_3d\x64\debug\epic_fall_3d.tlog\link.21492-cvtres.read.1.tlog
d:\projects\epic_fall\epic_fall_3d\epic_fall_3d\x64\debug\epic_fall_3d.tlog\link.21492-cvtres.write.1.tlog
d:\projects\epic_fall\epic_fall_3d\epic_fall_3d\x64\debug\epic_fall_3d.tlog\link.21492-rc.read.1.tlog
d:\projects\epic_fall\epic_fall_3d\epic_fall_3d\x64\debug\epic_fall_3d.tlog\link.21492-rc.write.1.tlog
d:\projects\epic_fall\epic_fall_3d\epic_fall_3d\x64\debug\epic_fall_3d.tlog\link.21492.read.1.tlog
d:\projects\epic_fall\epic_fall_3d\epic_fall_3d\x64\debug\epic_fall_3d.tlog\link.21492.read.3.tlog
d:\projects\epic_fall\epic_fall_3d\epic_fall_3d\x64\debug\epic_fall_3d.tlog\link.21492.write.1.tlog
d:\projects\epic_fall\epic_fall_3d\epic_fall_3d\x64\debug\epic_fall_3d.tlog\link.command.1.tlog
d:\projects\epic_fall\epic_fall_3d\epic_fall_3d\x64\debug\epic_fall_3d.tlog\link.read.1.tlog
d:\projects\epic_fall\epic_fall_3d\epic_fall_3d\x64\debug\epic_fall_3d.tlog\link.read.3.tlog
d:\projects\epic_fall\epic_fall_3d\epic_fall_3d\x64\debug\epic_fall_3d.tlog\link.write.1.tlog
