  Application.cpp
D:\projects\epic_fall\Epic_Fall_3D\Epic_Fall_3D\Application.cpp(33,26): warning C4100: 'args': unreferenced formal parameter
D:\projects\epic_fall\Epic_Fall_3D\Epic_Fall_3D\Application.cpp(33,14): warning C4100: 'argc': unreferenced formal parameter
  IndexBuffer.cpp
  Model.cpp
  Renderer.cpp
D:\projects\epic_fall\Epic_Fall_3D\Epic_Fall_3D\Renderer.cpp(35,32): warning C4365: 'argument': conversion from 'const GLuint' to 'GLsizei', signed/unsigned mismatch
  Shader.cpp
  Texture.cpp
  Transform.cpp
  Controller.cpp
  Debugger.cpp
D:\projects\epic_fall\Epic_Fall_3D\Epic_Fall_3D\utils\Debugger.cpp(7,142): warning C4100: 'userParam': unreferenced formal parameter
D:\projects\epic_fall\Epic_Fall_3D\Epic_Fall_3D\utils\Debugger.cpp(7,101): warning C4100: 'length': unreferenced formal parameter
  stb_image.cpp
D:\projects\epic_fall\Epic_Fall_3D\Epic_Fall_3D\vendors\stb_image\stb_image.h(851,30): warning C4365: 'argument': conversion from 'int' to 'size_t', signed/unsigned mismatch
D:\projects\epic_fall\Epic_Fall_3D\Epic_Fall_3D\vendors\stb_image\stb_image.h(1050,28): warning C4365: 'argument': conversion from 'int' to 'size_t', signed/unsigned mismatch
D:\projects\epic_fall\Epic_Fall_3D\Epic_Fall_3D\vendors\stb_image\stb_image.h(1057,30): warning C4365: 'argument': conversion from 'int' to 'size_t', signed/unsigned mismatch
D:\projects\epic_fall\Epic_Fall_3D\Epic_Fall_3D\vendors\stb_image\stb_image.h(1064,32): warning C4365: 'argument': conversion from 'int' to 'size_t', signed/unsigned mismatch
D:\projects\epic_fall\Epic_Fall_3D\Epic_Fall_3D\vendors\stb_image\stb_image.h(1195,39): warning C4365: 'argument': conversion from 'int' to 'size_t', signed/unsigned mismatch
D:\projects\epic_fall\Epic_Fall_3D\Epic_Fall_3D\vendors\stb_image\stb_image.h(1211,52): warning C4365: 'argument': conversion from 'int' to 'size_t', signed/unsigned mismatch
D:\projects\epic_fall\Epic_Fall_3D\Epic_Fall_3D\vendors\stb_image\stb_image.h(1279,52): warning C4365: 'argument': conversion from 'size_t' to 'int', signed/unsigned mismatch
D:\projects\epic_fall\Epic_Fall_3D\Epic_Fall_3D\vendors\stb_image\stb_image.h(1306,52): warning C4365: 'argument': conversion from 'size_t' to 'int', signed/unsigned mismatch
D:\projects\epic_fall\Epic_Fall_3D\Epic_Fall_3D\vendors\stb_image\stb_image.h(1317,52): warning C4365: 'argument': conversion from 'size_t' to 'int', signed/unsigned mismatch
D:\projects\epic_fall\Epic_Fall_3D\Epic_Fall_3D\vendors\stb_image\stb_image.h(1672,40): warning C4365: 'argument': conversion from 'int' to 'size_t', signed/unsigned mismatch
D:\projects\epic_fall\Epic_Fall_3D\Epic_Fall_3D\vendors\stb_image\stb_image.h(1682,37): warning C4365: 'argument': conversion from 'int' to 'size_t', signed/unsigned mismatch
D:\projects\epic_fall\Epic_Fall_3D\Epic_Fall_3D\vendors\stb_image\stb_image.h(1705,19): warning C4365: 'initializing': conversion from 'int' to 'stbi__uint32', signed/unsigned mismatch
D:\projects\epic_fall\Epic_Fall_3D\Epic_Fall_3D\vendors\stb_image\stb_image.h(1723,19): warning C4365: 'initializing': conversion from 'int' to 'stbi__uint32', signed/unsigned mismatch
D:\projects\epic_fall\Epic_Fall_3D\Epic_Fall_3D\vendors\stb_image\stb_image.h(1762,60): warning C4365: 'argument': conversion from 'unsigned int' to 'int', signed/unsigned mismatch
D:\projects\epic_fall\Epic_Fall_3D\Epic_Fall_3D\vendors\stb_image\stb_image.h(1762,57): warning C4365: 'argument': conversion from 'unsigned int' to 'int', signed/unsigned mismatch
D:\projects\epic_fall\Epic_Fall_3D\Epic_Fall_3D\vendors\stb_image\stb_image.h(1777,10): warning C4365: '=': conversion from 'unsigned int' to 'int', signed/unsigned mismatch
D:\projects\epic_fall\Epic_Fall_3D\Epic_Fall_3D\vendors\stb_image\stb_image.h(1778,10): warning C4365: '=': conversion from 'unsigned int' to 'int', signed/unsigned mismatch
D:\projects\epic_fall\Epic_Fall_3D\Epic_Fall_3D\vendors\stb_image\stb_image.h(1779,10): warning C4365: '=': conversion from 'unsigned int' to 'int', signed/unsigned mismatch
D:\projects\epic_fall\Epic_Fall_3D\Epic_Fall_3D\vendors\stb_image\stb_image.h(1780,10): warning C4365: '=': conversion from 'unsigned int' to 'int', signed/unsigned mismatch
D:\projects\epic_fall\Epic_Fall_3D\Epic_Fall_3D\vendors\stb_image\stb_image.h(1781,10): warning C4365: '=': conversion from 'unsigned int' to 'int', signed/unsigned mismatch
D:\projects\epic_fall\Epic_Fall_3D\Epic_Fall_3D\vendors\stb_image\stb_image.h(1782,10): warning C4365: '=': conversion from 'unsigned int' to 'int', signed/unsigned mismatch
D:\projects\epic_fall\Epic_Fall_3D\Epic_Fall_3D\vendors\stb_image\stb_image.h(1783,10): warning C4365: '=': conversion from 'unsigned int' to 'int', signed/unsigned mismatch
D:\projects\epic_fall\Epic_Fall_3D\Epic_Fall_3D\vendors\stb_image\stb_image.h(1784,10): warning C4365: '=': conversion from 'unsigned int' to 'int', signed/unsigned mismatch
D:\projects\epic_fall\Epic_Fall_3D\Epic_Fall_3D\vendors\stb_image\stb_image.h(1785,10): warning C4365: '=': conversion from 'unsigned int' to 'int', signed/unsigned mismatch
D:\projects\epic_fall\Epic_Fall_3D\Epic_Fall_3D\vendors\stb_image\stb_image.h(1786,10): warning C4365: '=': conversion from 'unsigned int' to 'int', signed/unsigned mismatch
D:\projects\epic_fall\Epic_Fall_3D\Epic_Fall_3D\vendors\stb_image\stb_image.h(1787,10): warning C4365: '=': conversion from 'unsigned int' to 'int', signed/unsigned mismatch
D:\projects\epic_fall\Epic_Fall_3D\Epic_Fall_3D\vendors\stb_image\stb_image.h(1788,10): warning C4365: '=': conversion from 'unsigned int' to 'int', signed/unsigned mismatch
D:\projects\epic_fall\Epic_Fall_3D\Epic_Fall_3D\vendors\stb_image\stb_image.h(1834,10): warning C4365: '=': conversion from 'unsigned int' to 'int', signed/unsigned mismatch
D:\projects\epic_fall\Epic_Fall_3D\Epic_Fall_3D\vendors\stb_image\stb_image.h(1835,10): warning C4365: '=': conversion from 'unsigned int' to 'int', signed/unsigned mismatch
D:\projects\epic_fall\Epic_Fall_3D\Epic_Fall_3D\vendors\stb_image\stb_image.h(1836,10): warning C4365: '=': conversion from 'unsigned int' to 'int', signed/unsigned mismatch
D:\projects\epic_fall\Epic_Fall_3D\Epic_Fall_3D\vendors\stb_image\stb_image.h(1837,10): warning C4365: '=': conversion from 'unsigned int' to 'int', signed/unsigned mismatch
D:\projects\epic_fall\Epic_Fall_3D\Epic_Fall_3D\vendors\stb_image\stb_image.h(1838,10): warning C4365: '=': conversion from 'unsigned int' to 'int', signed/unsigned mismatch
D:\projects\epic_fall\Epic_Fall_3D\Epic_Fall_3D\vendors\stb_image\stb_image.h(1839,10): warning C4365: '=': conversion from 'unsigned int' to 'int', signed/unsigned mismatch
D:\projects\epic_fall\Epic_Fall_3D\Epic_Fall_3D\vendors\stb_image\stb_image.h(1840,10): warning C4365: '=': conversion from 'unsigned int' to 'int', signed/unsigned mismatch
D:\projects\epic_fall\Epic_Fall_3D\Epic_Fall_3D\vendors\stb_image\stb_image.h(1841,10): warning C4365: '=': conversion from 'unsigned int' to 'int', signed/unsigned mismatch
D:\projects\epic_fall\Epic_Fall_3D\Epic_Fall_3D\vendors\stb_image\stb_image.h(1842,10): warning C4365: '=': conversion from 'unsigned int' to 'int', signed/unsigned mismatch
D:\projects\epic_fall\Epic_Fall_3D\Epic_Fall_3D\vendors\stb_image\stb_image.h(1843,10): warning C4365: '=': conversion from 'unsigned int' to 'int', signed/unsigned mismatch
D:\projects\epic_fall\Epic_Fall_3D\Epic_Fall_3D\vendors\stb_image\stb_image.h(1844,10): warning C4365: '=': conversion from 'unsigned int' to 'int', signed/unsigned mismatch
D:\projects\epic_fall\Epic_Fall_3D\Epic_Fall_3D\vendors\stb_image\stb_image.h(1845,10): warning C4365: '=': conversion from 'unsigned int' to 'int', signed/unsigned mismatch
D:\projects\epic_fall\Epic_Fall_3D\Epic_Fall_3D\vendors\stb_image\stb_image.h(2020,23): warning C4365: '=': conversion from 'unsigned int' to 'int', signed/unsigned mismatch
D:\projects\epic_fall\Epic_Fall_3D\Epic_Fall_3D\vendors\stb_image\stb_image.h(2077,22): warning C4365: 'initializing': conversion from 'int' to 'unsigned int', signed/unsigned mismatch
D:\projects\epic_fall\Epic_Fall_3D\Epic_Fall_3D\vendors\stb_image\stb_image.h(2105,45): warning C4365: '=': conversion from 'stbi__uint32' to 'int', signed/unsigned mismatch
D:\projects\epic_fall\Epic_Fall_3D\Epic_Fall_3D\vendors\stb_image\stb_image.h(2136,56): warning C4365: '=': conversion from 'stbi__uint32' to 'int', signed/unsigned mismatch
D:\projects\epic_fall\Epic_Fall_3D\Epic_Fall_3D\vendors\stb_image\stb_image.h(2159,25): warning C4365: '=': conversion from 'stbi__uint32' to 'int', signed/unsigned mismatch
D:\projects\epic_fall\Epic_Fall_3D\Epic_Fall_3D\vendors\stb_image\stb_image.h(2164,13): warning C4365: 'return': conversion from 'unsigned int' to 'int', signed/unsigned mismatch
D:\projects\epic_fall\Epic_Fall_3D\Epic_Fall_3D\vendors\stb_image\stb_image.h(2177,11): warning C4365: 'return': conversion from 'unsigned int' to 'int', signed/unsigned mismatch
D:\projects\epic_fall\Epic_Fall_3D\Epic_Fall_3D\vendors\stb_image\stb_image.h(2188,13): warning C4365: 'return': conversion from 'unsigned int' to 'int', signed/unsigned mismatch
D:\projects\epic_fall\Epic_Fall_3D\Epic_Fall_3D\vendors\stb_image\stb_image.h(2234,48): warning C4365: '=': conversion from 'stbi__uint32' to 'int', signed/unsigned mismatch
D:\projects\epic_fall\Epic_Fall_3D\Epic_Fall_3D\vendors\stb_image\stb_image.h(2312,51): warning C4365: '=': conversion from 'stbi__uint32' to 'int', signed/unsigned mismatch
D:\projects\epic_fall\Epic_Fall_3D\Epic_Fall_3D\vendors\stb_image\stb_image.h(3269,28): warning C4365: '=': conversion from 'int' to 'stbi__uint32', signed/unsigned mismatch
D:\projects\epic_fall\Epic_Fall_3D\Epic_Fall_3D\vendors\stb_image\stb_image.h(3270,28): warning C4365: '=': conversion from 'int' to 'stbi__uint32', signed/unsigned mismatch
D:\projects\epic_fall\Epic_Fall_3D\Epic_Fall_3D\vendors\stb_image\stb_image.h(3297,42): warning C4365: 'argument': conversion from 'stbi__uint32' to 'int', signed/unsigned mismatch
D:\projects\epic_fall\Epic_Fall_3D\Epic_Fall_3D\vendors\stb_image\stb_image.h(3297,32): warning C4365: 'argument': conversion from 'stbi__uint32' to 'int', signed/unsigned mismatch
D:\projects\epic_fall\Epic_Fall_3D\Epic_Fall_3D\vendors\stb_image\stb_image.h(3317,47): warning C4365: '=': conversion from 'stbi__uint32' to 'int', signed/unsigned mismatch
D:\projects\epic_fall\Epic_Fall_3D\Epic_Fall_3D\vendors\stb_image\stb_image.h(3318,47): warning C4365: '=': conversion from 'stbi__uint32' to 'int', signed/unsigned mismatch
D:\projects\epic_fall\Epic_Fall_3D\Epic_Fall_3D\vendors\stb_image\stb_image.h(3322,66): warning C4365: '=': conversion from 'stbi__uint32' to 'int', signed/unsigned mismatch
D:\projects\epic_fall\Epic_Fall_3D\Epic_Fall_3D\vendors\stb_image\stb_image.h(3323,66): warning C4365: '=': conversion from 'stbi__uint32' to 'int', signed/unsigned mismatch
D:\projects\epic_fall\Epic_Fall_3D\Epic_Fall_3D\vendors\stb_image\stb_image.h(3434,26): warning C4365: 'initializing': conversion from 'int' to 'stbi__uint32', signed/unsigned mismatch
D:\projects\epic_fall\Epic_Fall_3D\Epic_Fall_3D\vendors\stb_image\stb_image.h(3668,55): warning C4365: '=': conversion from 'unsigned int' to 'int', signed/unsigned mismatch
D:\projects\epic_fall\Epic_Fall_3D\Epic_Fall_3D\vendors\stb_image\stb_image.h(3802,53): warning C4365: '=': conversion from 'unsigned int' to 'int', signed/unsigned mismatch
D:\projects\epic_fall\Epic_Fall_3D\Epic_Fall_3D\vendors\stb_image\stb_image.h(3860,19): warning C4365: 'initializing': conversion from 'int' to 'unsigned int', signed/unsigned mismatch
D:\projects\epic_fall\Epic_Fall_3D\Epic_Fall_3D\vendors\stb_image\stb_image.h(3909,47): warning C4365: '=': conversion from 'stbi__uint32' to 'int', signed/unsigned mismatch
D:\projects\epic_fall\Epic_Fall_3D\Epic_Fall_3D\vendors\stb_image\stb_image.h(3921,66): warning C4365: 'argument': conversion from 'stbi__uint32' to 'int', signed/unsigned mismatch
D:\projects\epic_fall\Epic_Fall_3D\Epic_Fall_3D\vendors\stb_image\stb_image.h(3921,53): warning C4365: 'argument': conversion from 'stbi__uint32' to 'int', signed/unsigned mismatch
D:\projects\epic_fall\Epic_Fall_3D\Epic_Fall_3D\vendors\stb_image\stb_image.h(3953,78): warning C4365: 'argument': conversion from 'stbi__uint32' to 'int', signed/unsigned mismatch
D:\projects\epic_fall\Epic_Fall_3D\Epic_Fall_3D\vendors\stb_image\stb_image.h(3966,78): warning C4365: 'argument': conversion from 'stbi__uint32' to 'int', signed/unsigned mismatch
D:\projects\epic_fall\Epic_Fall_3D\Epic_Fall_3D\vendors\stb_image\stb_image.h(3969,51): warning C4365: 'argument': conversion from 'int' to 'stbi_uc', signed/unsigned mismatch
D:\projects\epic_fall\Epic_Fall_3D\Epic_Fall_3D\vendors\stb_image\stb_image.h(3970,51): warning C4365: 'argument': conversion from 'int' to 'stbi_uc', signed/unsigned mismatch
D:\projects\epic_fall\Epic_Fall_3D\Epic_Fall_3D\vendors\stb_image\stb_image.h(3971,51): warning C4365: 'argument': conversion from 'int' to 'stbi_uc', signed/unsigned mismatch
D:\projects\epic_fall\Epic_Fall_3D\Epic_Fall_3D\vendors\stb_image\stb_image.h(3975,78): warning C4365: 'argument': conversion from 'stbi__uint32' to 'int', signed/unsigned mismatch
D:\projects\epic_fall\Epic_Fall_3D\Epic_Fall_3D\vendors\stb_image\stb_image.h(4006,48): warning C4365: 'argument': conversion from 'int' to 'stbi_uc', signed/unsigned mismatch
D:\projects\epic_fall\Epic_Fall_3D\Epic_Fall_3D\vendors\stb_image\stb_image.h(4020,20): warning C4365: '=': conversion from 'stbi__uint32' to 'int', signed/unsigned mismatch
D:\projects\epic_fall\Epic_Fall_3D\Epic_Fall_3D\vendors\stb_image\stb_image.h(4021,20): warning C4365: '=': conversion from 'stbi__uint32' to 'int', signed/unsigned mismatch
D:\projects\epic_fall\Epic_Fall_3D\Epic_Fall_3D\vendors\stb_image\stb_image.h(4061,20): warning C4365: '=': conversion from 'stbi__uint32' to 'int', signed/unsigned mismatch
D:\projects\epic_fall\Epic_Fall_3D\Epic_Fall_3D\vendors\stb_image\stb_image.h(4062,20): warning C4365: '=': conversion from 'stbi__uint32' to 'int', signed/unsigned mismatch
D:\projects\epic_fall\Epic_Fall_3D\Epic_Fall_3D\vendors\stb_image\stb_image.h(4198,21): warning C4365: 'return': conversion from 'int' to 'stbi_uc', signed/unsigned mismatch
D:\projects\epic_fall\Epic_Fall_3D\Epic_Fall_3D\vendors\stb_image\stb_image.h(4228,27): warning C4365: 'argument': conversion from 'stbi__uint32' to 'int', signed/unsigned mismatch
D:\projects\epic_fall\Epic_Fall_3D\Epic_Fall_3D\vendors\stb_image\stb_image.h(4350,37): warning C4365: '=': conversion from 'stbi_uc' to 'char', signed/unsigned mismatch
D:\projects\epic_fall\Epic_Fall_3D\Epic_Fall_3D\vendors\stb_image\stb_image.h(4352,37): warning C4365: '=': conversion from 'stbi_uc' to 'char', signed/unsigned mismatch
D:\projects\epic_fall\Epic_Fall_3D\Epic_Fall_3D\vendors\stb_image\stb_image.h(4366,14): warning C4365: 'initializing': conversion from 'unsigned int' to 'int', signed/unsigned mismatch
D:\projects\epic_fall\Epic_Fall_3D\Epic_Fall_3D\vendors\stb_image\stb_image.h(4367,14): warning C4365: 'initializing': conversion from 'unsigned int' to 'int', signed/unsigned mismatch
D:\projects\epic_fall\Epic_Fall_3D\Epic_Fall_3D\vendors\stb_image\stb_image.h(4368,14): warning C4365: 'initializing': conversion from 'unsigned int' to 'int', signed/unsigned mismatch
D:\projects\epic_fall\Epic_Fall_3D\Epic_Fall_3D\vendors\stb_image\stb_image.h(4373,13): warning C4365: 'initializing': conversion from 'unsigned int' to 'int', signed/unsigned mismatch
D:\projects\epic_fall\Epic_Fall_3D\Epic_Fall_3D\vendors\stb_image\stb_image.h(4387,36): warning C4365: '=': conversion from 'unsigned int' to 'int', signed/unsigned mismatch
D:\projects\epic_fall\Epic_Fall_3D\Epic_Fall_3D\vendors\stb_image\stb_image.h(4391,36): warning C4365: '=': conversion from 'unsigned int' to 'int', signed/unsigned mismatch
D:\projects\epic_fall\Epic_Fall_3D\Epic_Fall_3D\vendors\stb_image\stb_image.h(4393,36): warning C4365: '=': conversion from 'unsigned int' to 'int', signed/unsigned mismatch
D:\projects\epic_fall\Epic_Fall_3D\Epic_Fall_3D\vendors\stb_image\stb_image.h(4398,35): warning C4365: 'argument': conversion from 'int' to 'size_t', signed/unsigned mismatch
D:\projects\epic_fall\Epic_Fall_3D\Epic_Fall_3D\vendors\stb_image\stb_image.h(4431,32): warning C4365: 'argument': conversion from 'int' to 'size_t', signed/unsigned mismatch
D:\projects\epic_fall\Epic_Fall_3D\Epic_Fall_3D\vendors\stb_image\stb_image.h(4489,29): warning C4365: '=': conversion from 'unsigned int' to 'int', signed/unsigned mismatch
D:\projects\epic_fall\Epic_Fall_3D\Epic_Fall_3D\vendors\stb_image\stb_image.h(4490,28): warning C4365: '=': conversion from 'unsigned int' to 'int', signed/unsigned mismatch
D:\projects\epic_fall\Epic_Fall_3D\Epic_Fall_3D\vendors\stb_image\stb_image.h(4522,36): warning C4365: 'argument': conversion from 'int' to 'size_t', signed/unsigned mismatch
D:\projects\epic_fall\Epic_Fall_3D\Epic_Fall_3D\vendors\stb_image\stb_image.h(4543,36): warning C4365: 'argument': conversion from 'int' to 'size_t', signed/unsigned mismatch
D:\projects\epic_fall\Epic_Fall_3D\Epic_Fall_3D\vendors\stb_image\stb_image.h(4679,15): warning C4365: '=': conversion from 'stbi__uint32' to 'int', signed/unsigned mismatch
D:\projects\epic_fall\Epic_Fall_3D\Epic_Fall_3D\vendors\stb_image\stb_image.h(4685,15): warning C4365: '=': conversion from 'stbi__uint32' to 'int', signed/unsigned mismatch
D:\projects\epic_fall\Epic_Fall_3D\Epic_Fall_3D\vendors\stb_image\stb_image.h(4708,14): warning C4365: 'initializing': conversion from 'stbi__uint32' to 'int', signed/unsigned mismatch
D:\projects\epic_fall\Epic_Fall_3D\Epic_Fall_3D\vendors\stb_image\stb_image.h(4711,46): warning C4365: 'argument': conversion from 'stbi__uint32' to 'int', signed/unsigned mismatch
D:\projects\epic_fall\Epic_Fall_3D\Epic_Fall_3D\vendors\stb_image\stb_image.h(4711,43): warning C4365: 'argument': conversion from 'stbi__uint32' to 'int', signed/unsigned mismatch
D:\projects\epic_fall\Epic_Fall_3D\Epic_Fall_3D\vendors\stb_image\stb_image.h(4716,38): warning C4365: 'argument': conversion from 'stbi__uint32' to 'int', signed/unsigned mismatch
D:\projects\epic_fall\Epic_Fall_3D\Epic_Fall_3D\vendors\stb_image\stb_image.h(4718,51): warning C4365: 'argument': conversion from 'stbi__uint32' to 'int', signed/unsigned mismatch
D:\projects\epic_fall\Epic_Fall_3D\Epic_Fall_3D\vendors\stb_image\stb_image.h(4718,48): warning C4365: 'argument': conversion from 'stbi__uint32' to 'int', signed/unsigned mismatch
D:\projects\epic_fall\Epic_Fall_3D\Epic_Fall_3D\vendors\stb_image\stb_image.h(4718,31): warning C4365: 'argument': conversion from 'stbi__uint32' to 'int', signed/unsigned mismatch
D:\projects\epic_fall\Epic_Fall_3D\Epic_Fall_3D\vendors\stb_image\stb_image.h(4727,47): warning C4365: 'argument': conversion from 'stbi__uint32' to 'int', signed/unsigned mismatch
D:\projects\epic_fall\Epic_Fall_3D\Epic_Fall_3D\vendors\stb_image\stb_image.h(4733,15): warning C4365: '=': conversion from 'stbi__uint32' to 'int', signed/unsigned mismatch
D:\projects\epic_fall\Epic_Fall_3D\Epic_Fall_3D\vendors\stb_image\stb_image.h(4756,27): warning C4365: 'argument': conversion from 'int' to 'size_t', signed/unsigned mismatch
D:\projects\epic_fall\Epic_Fall_3D\Epic_Fall_3D\vendors\stb_image\stb_image.h(4759,27): warning C4365: 'argument': conversion from 'int' to 'size_t', signed/unsigned mismatch
D:\projects\epic_fall\Epic_Fall_3D\Epic_Fall_3D\vendors\stb_image\stb_image.h(4780,27): warning C4365: 'argument': conversion from 'int' to 'size_t', signed/unsigned mismatch
D:\projects\epic_fall\Epic_Fall_3D\Epic_Fall_3D\vendors\stb_image\stb_image.h(4790,24): warning C4365: 'initializing': conversion from 'int' to 'stbi_uc', signed/unsigned mismatch
D:\projects\epic_fall\Epic_Fall_3D\Epic_Fall_3D\vendors\stb_image\stb_image.h(4800,31): warning C4365: '=': conversion from 'int' to 'stbi_uc', signed/unsigned mismatch
D:\projects\epic_fall\Epic_Fall_3D\Epic_Fall_3D\vendors\stb_image\stb_image.h(4806,31): warning C4365: '=': conversion from 'int' to 'stbi_uc', signed/unsigned mismatch
D:\projects\epic_fall\Epic_Fall_3D\Epic_Fall_3D\vendors\stb_image\stb_image.h(4813,31): warning C4365: '=': conversion from 'int' to 'stbi_uc', signed/unsigned mismatch
D:\projects\epic_fall\Epic_Fall_3D\Epic_Fall_3D\vendors\stb_image\stb_image.h(4833,40): warning C4365: '=': conversion from 'int' to 'stbi__uint16', signed/unsigned mismatch
D:\projects\epic_fall\Epic_Fall_3D\Epic_Fall_3D\vendors\stb_image\stb_image.h(4838,45): warning C4365: '=': conversion from 'int' to 'stbi__uint16', signed/unsigned mismatch
D:\projects\epic_fall\Epic_Fall_3D\Epic_Fall_3D\vendors\stb_image\stb_image.h(4844,45): warning C4365: '=': conversion from 'int' to 'stbi__uint16', signed/unsigned mismatch
D:\projects\epic_fall\Epic_Fall_3D\Epic_Fall_3D\vendors\stb_image\stb_image.h(4845,45): warning C4365: '=': conversion from 'int' to 'stbi__uint16', signed/unsigned mismatch
D:\projects\epic_fall\Epic_Fall_3D\Epic_Fall_3D\vendors\stb_image\stb_image.h(4846,45): warning C4365: '=': conversion from 'int' to 'stbi__uint16', signed/unsigned mismatch
D:\projects\epic_fall\Epic_Fall_3D\Epic_Fall_3D\vendors\stb_image\stb_image.h(4870,59): warning C4365: 'argument': conversion from 'stbi__uint32' to 'int', signed/unsigned mismatch
D:\projects\epic_fall\Epic_Fall_3D\Epic_Fall_3D\vendors\stb_image\stb_image.h(4870,46): warning C4365: 'argument': conversion from 'stbi__uint32' to 'int', signed/unsigned mismatch
D:\projects\epic_fall\Epic_Fall_3D\Epic_Fall_3D\vendors\stb_image\stb_image.h(4879,48): warning C4365: '=': conversion from 'stbi__uint32' to 'int', signed/unsigned mismatch
D:\projects\epic_fall\Epic_Fall_3D\Epic_Fall_3D\vendors\stb_image\stb_image.h(4880,48): warning C4365: '=': conversion from 'stbi__uint32' to 'int', signed/unsigned mismatch
D:\projects\epic_fall\Epic_Fall_3D\Epic_Fall_3D\vendors\stb_image\stb_image.h(4882,31): warning C4365: 'initializing': conversion from 'int' to 'stbi__uint32', signed/unsigned mismatch
D:\projects\epic_fall\Epic_Fall_3D\Epic_Fall_3D\vendors\stb_image\stb_image.h(4883,83): warning C4365: 'argument': conversion from 'int' to 'stbi__uint32', signed/unsigned mismatch
D:\projects\epic_fall\Epic_Fall_3D\Epic_Fall_3D\vendors\stb_image\stb_image.h(4883,80): warning C4365: 'argument': conversion from 'int' to 'stbi__uint32', signed/unsigned mismatch
D:\projects\epic_fall\Epic_Fall_3D\Epic_Fall_3D\vendors\stb_image\stb_image.h(4892,51): warning C4365: 'argument': conversion from 'int' to 'size_t', signed/unsigned mismatch
D:\projects\epic_fall\Epic_Fall_3D\Epic_Fall_3D\vendors\stb_image\stb_image.h(4917,23): warning C4365: '=': conversion from 'int' to 'stbi_uc', signed/unsigned mismatch
D:\projects\epic_fall\Epic_Fall_3D\Epic_Fall_3D\vendors\stb_image\stb_image.h(4942,23): warning C4365: '=': conversion from 'int' to 'stbi__uint16', signed/unsigned mismatch
D:\projects\epic_fall\Epic_Fall_3D\Epic_Fall_3D\vendors\stb_image\stb_image.h(4960,38): warning C4365: 'argument': conversion from 'stbi__uint32' to 'int', signed/unsigned mismatch
D:\projects\epic_fall\Epic_Fall_3D\Epic_Fall_3D\vendors\stb_image\stb_image.h(5053,29): warning C4365: 'initializing': conversion from 'int' to 'stbi_uc', signed/unsigned mismatch
D:\projects\epic_fall\Epic_Fall_3D\Epic_Fall_3D\vendors\stb_image\stb_image.h(5054,43): warning C4365: '=': conversion from 'int' to 'stbi_uc', signed/unsigned mismatch
D:\projects\epic_fall\Epic_Fall_3D\Epic_Fall_3D\vendors\stb_image\stb_image.h(5055,43): warning C4365: '=': conversion from 'int' to 'stbi_uc', signed/unsigned mismatch
D:\projects\epic_fall\Epic_Fall_3D\Epic_Fall_3D\vendors\stb_image\stb_image.h(5056,43): warning C4365: '=': conversion from 'int' to 'stbi_uc', signed/unsigned mismatch
D:\projects\epic_fall\Epic_Fall_3D\Epic_Fall_3D\vendors\stb_image\stb_image.h(5099,28): warning C4365: 'argument': conversion from 'stbi__uint32' to 'int', signed/unsigned mismatch
D:\projects\epic_fall\Epic_Fall_3D\Epic_Fall_3D\vendors\stb_image\stb_image.h(5164,92): warning C4365: '=': conversion from 'int' to 'stbi_uc', signed/unsigned mismatch
D:\projects\epic_fall\Epic_Fall_3D\Epic_Fall_3D\vendors\stb_image\stb_image.h(5191,47): warning C4365: 'argument': conversion from 'stbi__uint32' to 'int', signed/unsigned mismatch
D:\projects\epic_fall\Epic_Fall_3D\Epic_Fall_3D\vendors\stb_image\stb_image.h(5204,109): warning C4365: 'argument': conversion from 'stbi__uint32' to 'int', signed/unsigned mismatch
D:\projects\epic_fall\Epic_Fall_3D\Epic_Fall_3D\vendors\stb_image\stb_image.h(5204,103): warning C4365: 'argument': conversion from 'stbi__uint32' to 'int', signed/unsigned mismatch
D:\projects\epic_fall\Epic_Fall_3D\Epic_Fall_3D\vendors\stb_image\stb_image.h(5226,58): warning C4365: 'argument': conversion from 'stbi__uint32' to 'int', signed/unsigned mismatch
D:\projects\epic_fall\Epic_Fall_3D\Epic_Fall_3D\vendors\stb_image\stb_image.h(5245,35): warning C4365: '=': conversion from 'stbi_uc' to 'char', signed/unsigned mismatch
D:\projects\epic_fall\Epic_Fall_3D\Epic_Fall_3D\vendors\stb_image\stb_image.h(5246,35): warning C4365: '=': conversion from 'stbi_uc' to 'char', signed/unsigned mismatch
D:\projects\epic_fall\Epic_Fall_3D\Epic_Fall_3D\vendors\stb_image\stb_image.h(5247,35): warning C4365: '=': conversion from 'stbi_uc' to 'char', signed/unsigned mismatch
D:\projects\epic_fall\Epic_Fall_3D\Epic_Fall_3D\vendors\stb_image\stb_image.h(5248,35): warning C4365: '=': conversion from 'stbi_uc' to 'char', signed/unsigned mismatch
D:\projects\epic_fall\Epic_Fall_3D\Epic_Fall_3D\vendors\stb_image\stb_image.h(5252,28): warning C4365: 'argument': conversion from 'stbi__uint32' to 'int', signed/unsigned mismatch
D:\projects\epic_fall\Epic_Fall_3D\Epic_Fall_3D\vendors\stb_image\stb_image.h(5281,16): warning C4365: '=': conversion from 'stbi__uint32' to 'int', signed/unsigned mismatch
D:\projects\epic_fall\Epic_Fall_3D\Epic_Fall_3D\vendors\stb_image\stb_image.h(5282,16): warning C4365: '=': conversion from 'stbi__uint32' to 'int', signed/unsigned mismatch
D:\projects\epic_fall\Epic_Fall_3D\Epic_Fall_3D\vendors\stb_image\stb_image.h(5313,20): warning C4365: '=': conversion from 'stbi__uint32' to 'int', signed/unsigned mismatch
D:\projects\epic_fall\Epic_Fall_3D\Epic_Fall_3D\vendors\stb_image\stb_image.h(5314,20): warning C4365: '=': conversion from 'stbi__uint32' to 'int', signed/unsigned mismatch
D:\projects\epic_fall\Epic_Fall_3D\Epic_Fall_3D\vendors\stb_image\stb_image.h(5353,22): warning C4365: '=': conversion from 'stbi__uint32' to 'int', signed/unsigned mismatch
D:\projects\epic_fall\Epic_Fall_3D\Epic_Fall_3D\vendors\stb_image\stb_image.h(5386,13): warning C4365: 'return': conversion from 'unsigned int' to 'int', signed/unsigned mismatch
D:\projects\epic_fall\Epic_Fall_3D\Epic_Fall_3D\vendors\stb_image\stb_image.h(5452,32): warning C4365: '=': conversion from 'stbi__uint32' to 'int', signed/unsigned mismatch
D:\projects\epic_fall\Epic_Fall_3D\Epic_Fall_3D\vendors\stb_image\stb_image.h(5453,35): warning C4365: '=': conversion from 'stbi__uint32' to 'int', signed/unsigned mismatch
D:\projects\epic_fall\Epic_Fall_3D\Epic_Fall_3D\vendors\stb_image\stb_image.h(5461,31): warning C4365: '=': conversion from 'int' to 'stbi__uint32', signed/unsigned mismatch
D:\projects\epic_fall\Epic_Fall_3D\Epic_Fall_3D\vendors\stb_image\stb_image.h(5462,31): warning C4365: '=': conversion from 'int' to 'stbi__uint32', signed/unsigned mismatch
D:\projects\epic_fall\Epic_Fall_3D\Epic_Fall_3D\vendors\stb_image\stb_image.h(5470,20): warning C4365: 'initializing': conversion from 'stbi__uint32' to 'int', signed/unsigned mismatch
D:\projects\epic_fall\Epic_Fall_3D\Epic_Fall_3D\vendors\stb_image\stb_image.h(5543,18): warning C4365: '=': conversion from 'int' to 'stbi__uint32', signed/unsigned mismatch
D:\projects\epic_fall\Epic_Fall_3D\Epic_Fall_3D\vendors\stb_image\stb_image.h(5591,50): warning C4365: 'argument': conversion from 'stbi__uint32' to 'int', signed/unsigned mismatch
D:\projects\epic_fall\Epic_Fall_3D\Epic_Fall_3D\vendors\stb_image\stb_image.h(5591,40): warning C4365: 'argument': conversion from 'stbi__uint32' to 'int', signed/unsigned mismatch
D:\projects\epic_fall\Epic_Fall_3D\Epic_Fall_3D\vendors\stb_image\stb_image.h(5594,59): warning C4365: 'argument': conversion from 'stbi__uint32' to 'int', signed/unsigned mismatch
D:\projects\epic_fall\Epic_Fall_3D\Epic_Fall_3D\vendors\stb_image\stb_image.h(5594,49): warning C4365: 'argument': conversion from 'stbi__uint32' to 'int', signed/unsigned mismatch
D:\projects\epic_fall\Epic_Fall_3D\Epic_Fall_3D\vendors\stb_image\stb_image.h(5607,49): warning C4365: '=': conversion from 'stbi__uint32' to 'int', signed/unsigned mismatch
D:\projects\epic_fall\Epic_Fall_3D\Epic_Fall_3D\vendors\stb_image\stb_image.h(5608,54): warning C4365: '=': conversion from 'stbi__uint32' to 'int', signed/unsigned mismatch
D:\projects\epic_fall\Epic_Fall_3D\Epic_Fall_3D\vendors\stb_image\stb_image.h(5609,40): warning C4365: '=': conversion from 'stbi__uint32' to 'int', signed/unsigned mismatch
D:\projects\epic_fall\Epic_Fall_3D\Epic_Fall_3D\vendors\stb_image\stb_image.h(5656,37): warning C4365: '=': conversion from 'stbi__uint32' to 'int', signed/unsigned mismatch
D:\projects\epic_fall\Epic_Fall_3D\Epic_Fall_3D\vendors\stb_image\stb_image.h(5657,41): warning C4365: '=': conversion from 'stbi__uint32' to 'int', signed/unsigned mismatch
D:\projects\epic_fall\Epic_Fall_3D\Epic_Fall_3D\vendors\stb_image\stb_image.h(5683,26): warning C4365: '=': conversion from 'int' to 'unsigned char', signed/unsigned mismatch
D:\projects\epic_fall\Epic_Fall_3D\Epic_Fall_3D\vendors\stb_image\stb_image.h(5695,21): warning C4365: '=': conversion from 'int' to 'unsigned int', signed/unsigned mismatch
D:\projects\epic_fall\Epic_Fall_3D\Epic_Fall_3D\vendors\stb_image\stb_image.h(5706,33): warning C4365: '=': conversion from 'stbi__uint32' to 'int', signed/unsigned mismatch
D:\projects\epic_fall\Epic_Fall_3D\Epic_Fall_3D\vendors\stb_image\stb_image.h(5725,10): warning C4365: '=': conversion from 'stbi__uint32' to 'int', signed/unsigned mismatch
D:\projects\epic_fall\Epic_Fall_3D\Epic_Fall_3D\vendors\stb_image\stb_image.h(5726,10): warning C4365: '=': conversion from 'stbi__uint32' to 'int', signed/unsigned mismatch
D:\projects\epic_fall\Epic_Fall_3D\Epic_Fall_3D\vendors\stb_image\stb_image.h(6062,80): warning C4365: 'argument': conversion from 'int' to 'unsigned int', signed/unsigned mismatch
D:\projects\epic_fall\Epic_Fall_3D\Epic_Fall_3D\vendors\stb_image\stb_image.h(6062,69): warning C4365: 'argument': conversion from 'int' to 'unsigned int', signed/unsigned mismatch
D:\projects\epic_fall\Epic_Fall_3D\Epic_Fall_3D\vendors\stb_image\stb_image.h(6150,21): warning C4365: '=': conversion from 'stbi__uint32' to 'int', signed/unsigned mismatch
D:\projects\epic_fall\Epic_Fall_3D\Epic_Fall_3D\vendors\stb_image\stb_image.h(6151,21): warning C4365: '=': conversion from 'stbi__uint32' to 'int', signed/unsigned mismatch
D:\projects\epic_fall\Epic_Fall_3D\Epic_Fall_3D\vendors\stb_image\stb_image.h(6175,30): warning C4365: 'argument': conversion from 'stbi__uint32' to 'int', signed/unsigned mismatch
D:\projects\epic_fall\Epic_Fall_3D\Epic_Fall_3D\vendors\stb_image\stb_image.h(6178,31): warning C4365: 'argument': conversion from 'stbi__uint32' to 'int', signed/unsigned mismatch
D:\projects\epic_fall\Epic_Fall_3D\Epic_Fall_3D\vendors\stb_image\stb_image.h(6181,31): warning C4365: 'argument': conversion from 'stbi__uint32' to 'int', signed/unsigned mismatch
D:\projects\epic_fall\Epic_Fall_3D\Epic_Fall_3D\vendors\stb_image\stb_image.h(6201,43): warning C4365: 'argument': conversion from 'int' to 'size_t', signed/unsigned mismatch
D:\projects\epic_fall\Epic_Fall_3D\Epic_Fall_3D\vendors\stb_image\stb_image.h(6231,30): warning C4365: '=': conversion from 'int' to 'stbi_uc', signed/unsigned mismatch
D:\projects\epic_fall\Epic_Fall_3D\Epic_Fall_3D\vendors\stb_image\stb_image.h(6251,33): warning C4365: 'initializing': conversion from 'int' to 'stbi__uint16', signed/unsigned mismatch
D:\projects\epic_fall\Epic_Fall_3D\Epic_Fall_3D\vendors\stb_image\stb_image.h(6256,28): warning C4365: 'initializing': conversion from 'int' to 'stbi_uc', signed/unsigned mismatch
D:\projects\epic_fall\Epic_Fall_3D\Epic_Fall_3D\vendors\stb_image\stb_image.h(6311,89): warning C4365: 'argument': conversion from 'int' to 'unsigned int', signed/unsigned mismatch
D:\projects\epic_fall\Epic_Fall_3D\Epic_Fall_3D\vendors\stb_image\stb_image.h(6311,86): warning C4365: 'argument': conversion from 'int' to 'unsigned int', signed/unsigned mismatch
D:\projects\epic_fall\Epic_Fall_3D\Epic_Fall_3D\vendors\stb_image\stb_image.h(6313,58): warning C4365: 'argument': conversion from 'int' to 'unsigned int', signed/unsigned mismatch
D:\projects\epic_fall\Epic_Fall_3D\Epic_Fall_3D\vendors\stb_image\stb_image.h(6313,55): warning C4365: 'argument': conversion from 'int' to 'unsigned int', signed/unsigned mismatch
D:\projects\epic_fall\Epic_Fall_3D\Epic_Fall_3D\vendors\stb_image\stb_image.h(6524,28): warning C4365: 'argument': conversion from 'int' to 'size_t', signed/unsigned mismatch
D:\projects\epic_fall\Epic_Fall_3D\Epic_Fall_3D\vendors\stb_image\stb_image.h(6533,52): warning C4365: 'argument': conversion from 'int' to 'unsigned int', signed/unsigned mismatch
D:\projects\epic_fall\Epic_Fall_3D\Epic_Fall_3D\vendors\stb_image\stb_image.h(6533,50): warning C4365: 'argument': conversion from 'int' to 'unsigned int', signed/unsigned mismatch
D:\projects\epic_fall\Epic_Fall_3D\Epic_Fall_3D\vendors\stb_image\stb_image.h(6601,26): warning C4365: '=': conversion from 'int' to 'stbi_uc', signed/unsigned mismatch
D:\projects\epic_fall\Epic_Fall_3D\Epic_Fall_3D\vendors\stb_image\stb_image.h(6659,43): warning C4365: 'argument': conversion from 'stbi__int16' to 'stbi__uint16', signed/unsigned mismatch
D:\projects\epic_fall\Epic_Fall_3D\Epic_Fall_3D\vendors\stb_image\stb_image.h(6790,43): warning C4365: 'argument': conversion from 'int' to 'size_t', signed/unsigned mismatch
D:\projects\epic_fall\Epic_Fall_3D\Epic_Fall_3D\vendors\stb_image\stb_image.h(6791,50): warning C4365: 'argument': conversion from 'int' to 'size_t', signed/unsigned mismatch
D:\projects\epic_fall\Epic_Fall_3D\Epic_Fall_3D\vendors\stb_image\stb_image.h(6792,45): warning C4365: 'argument': conversion from 'int' to 'size_t', signed/unsigned mismatch
D:\projects\epic_fall\Epic_Fall_3D\Epic_Fall_3D\vendors\stb_image\stb_image.h(6799,30): warning C4365: 'argument': conversion from 'int' to 'size_t', signed/unsigned mismatch
D:\projects\epic_fall\Epic_Fall_3D\Epic_Fall_3D\vendors\stb_image\stb_image.h(6800,37): warning C4365: 'argument': conversion from 'int' to 'size_t', signed/unsigned mismatch
D:\projects\epic_fall\Epic_Fall_3D\Epic_Fall_3D\vendors\stb_image\stb_image.h(6801,32): warning C4365: 'argument': conversion from 'int' to 'size_t', signed/unsigned mismatch
D:\projects\epic_fall\Epic_Fall_3D\Epic_Fall_3D\vendors\stb_image\stb_image.h(6833,47): warning C4365: 'argument': conversion from 'int' to 'size_t', signed/unsigned mismatch
D:\projects\epic_fall\Epic_Fall_3D\Epic_Fall_3D\vendors\stb_image\stb_image.h(6837,35): warning C4365: 'argument': conversion from 'int' to 'size_t', signed/unsigned mismatch
D:\projects\epic_fall\Epic_Fall_3D\Epic_Fall_3D\vendors\stb_image\stb_image.h(6991,39): warning C4365: 'argument': conversion from 'int' to 'size_t', signed/unsigned mismatch
D:\projects\epic_fall\Epic_Fall_3D\Epic_Fall_3D\vendors\stb_image\stb_image.h(7004,40): warning C4365: '=': conversion from 'size_t' to 'int', signed/unsigned mismatch
D:\projects\epic_fall\Epic_Fall_3D\Epic_Fall_3D\vendors\stb_image\stb_image.h(7007,53): warning C4365: 'argument': conversion from 'int' to 'size_t', signed/unsigned mismatch
D:\projects\epic_fall\Epic_Fall_3D\Epic_Fall_3D\vendors\stb_image\stb_image.h(7015,40): warning C4365: '=': conversion from 'size_t' to 'int', signed/unsigned mismatch
D:\projects\epic_fall\Epic_Fall_3D\Epic_Fall_3D\vendors\stb_image\stb_image.h(7018,55): warning C4365: 'argument': conversion from 'int' to 'size_t', signed/unsigned mismatch
D:\projects\epic_fall\Epic_Fall_3D\Epic_Fall_3D\vendors\stb_image\stb_image.h(7036,70): warning C4365: 'argument': conversion from 'int' to 'unsigned int', signed/unsigned mismatch
D:\projects\epic_fall\Epic_Fall_3D\Epic_Fall_3D\vendors\stb_image\stb_image.h(7036,62): warning C4365: 'argument': conversion from 'int' to 'unsigned int', signed/unsigned mismatch
D:\projects\epic_fall\Epic_Fall_3D\Epic_Fall_3D\vendors\stb_image\stb_image.h(7061,57): warning C4365: 'argument': conversion from 'int' to 'unsigned int', signed/unsigned mismatch
D:\projects\epic_fall\Epic_Fall_3D\Epic_Fall_3D\vendors\stb_image\stb_image.h(7061,52): warning C4365: 'argument': conversion from 'int' to 'unsigned int', signed/unsigned mismatch
D:\projects\epic_fall\Epic_Fall_3D\Epic_Fall_3D\vendors\stb_image\stb_image.h(7343,17): warning C4365: '=': conversion from 'stbi__uint32' to 'int', signed/unsigned mismatch
D:\projects\epic_fall\Epic_Fall_3D\Epic_Fall_3D\vendors\stb_image\stb_image.h(7344,17): warning C4365: '=': conversion from 'stbi__uint32' to 'int', signed/unsigned mismatch
D:\projects\epic_fall\Epic_Fall_3D\Epic_Fall_3D\vendors\stb_image\stb_image.h(7376,22): warning C4365: '=': conversion from 'stbi__uint32' to 'int', signed/unsigned mismatch
D:\projects\epic_fall\Epic_Fall_3D\Epic_Fall_3D\vendors\stb_image\stb_image.h(7377,22): warning C4365: '=': conversion from 'stbi__uint32' to 'int', signed/unsigned mismatch
D:\projects\epic_fall\Epic_Fall_3D\Epic_Fall_3D\vendors\stb_image\stb_image.h(7515,10): warning C4365: '=': conversion from 'stbi__uint32' to 'int', signed/unsigned mismatch
D:\projects\epic_fall\Epic_Fall_3D\Epic_Fall_3D\vendors\stb_image\stb_image.h(7516,10): warning C4365: '=': conversion from 'stbi__uint32' to 'int', signed/unsigned mismatch
D:\projects\epic_fall\Epic_Fall_3D\Epic_Fall_3D\vendors\stb_image\stb_image.h(7519,52): warning C4365: 'argument': conversion from 'stbi__uint32' to 'int', signed/unsigned mismatch
D:\projects\epic_fall\Epic_Fall_3D\Epic_Fall_3D\vendors\stb_image\stb_image.h(7519,42): warning C4365: 'argument': conversion from 'stbi__uint32' to 'int', signed/unsigned mismatch
D:\projects\epic_fall\Epic_Fall_3D\Epic_Fall_3D\vendors\stb_image\stb_image.h(7522,61): warning C4365: 'argument': conversion from 'stbi__uint32' to 'int', signed/unsigned mismatch
D:\projects\epic_fall\Epic_Fall_3D\Epic_Fall_3D\vendors\stb_image\stb_image.h(7522,51): warning C4365: 'argument': conversion from 'stbi__uint32' to 'int', signed/unsigned mismatch
D:\projects\epic_fall\Epic_Fall_3D\Epic_Fall_3D\vendors\stb_image\stb_image.h(7524,59): warning C4365: 'argument': conversion from 'stbi__uint32' to 'int', signed/unsigned mismatch
  VertexArray.cpp
  VertexBuffer.cpp
D:\projects\epic_fall\Epic_Fall_3D\Epic_Fall_3D\VertexBuffer.cpp(31,44): warning C4365: 'argument': conversion from 'size_t' to 'GLsizeiptr', signed/unsigned mismatch
  Window.cpp
  Generating Code...
  glad.c
glfw3.lib(window.obj) : warning LNK4099: PDB '' was not found with 'glfw3.lib(window.obj)' or at ''; linking object as if no debug info
glfw3.lib(input.obj) : warning LNK4099: PDB '' was not found with 'glfw3.lib(input.obj)' or at ''; linking object as if no debug info
glfw3.lib(context.obj) : warning LNK4099: PDB '' was not found with 'glfw3.lib(context.obj)' or at ''; linking object as if no debug info
glfw3.lib(init.obj) : warning LNK4099: PDB '' was not found with 'glfw3.lib(init.obj)' or at ''; linking object as if no debug info
glfw3.lib(win32_window.obj) : warning LNK4099: PDB '' was not found with 'glfw3.lib(win32_window.obj)' or at ''; linking object as if no debug info
glfw3.lib(win32_thread.obj) : warning LNK4099: PDB '' was not found with 'glfw3.lib(win32_thread.obj)' or at ''; linking object as if no debug info
glfw3.lib(win32_joystick.obj) : warning LNK4099: PDB '' was not found with 'glfw3.lib(win32_joystick.obj)' or at ''; linking object as if no debug info
glfw3.lib(win32_time.obj) : warning LNK4099: PDB '' was not found with 'glfw3.lib(win32_time.obj)' or at ''; linking object as if no debug info
glfw3.lib(win32_init.obj) : warning LNK4099: PDB '' was not found with 'glfw3.lib(win32_init.obj)' or at ''; linking object as if no debug info
glfw3.lib(win32_monitor.obj) : warning LNK4099: PDB '' was not found with 'glfw3.lib(win32_monitor.obj)' or at ''; linking object as if no debug info
glfw3.lib(monitor.obj) : warning LNK4099: PDB '' was not found with 'glfw3.lib(monitor.obj)' or at ''; linking object as if no debug info
glfw3.lib(vulkan.obj) : warning LNK4099: PDB '' was not found with 'glfw3.lib(vulkan.obj)' or at ''; linking object as if no debug info
glfw3.lib(wgl_context.obj) : warning LNK4099: PDB '' was not found with 'glfw3.lib(wgl_context.obj)' or at ''; linking object as if no debug info
glfw3.lib(egl_context.obj) : warning LNK4099: PDB '' was not found with 'glfw3.lib(egl_context.obj)' or at ''; linking object as if no debug info
glfw3.lib(osmesa_context.obj) : warning LNK4099: PDB '' was not found with 'glfw3.lib(osmesa_context.obj)' or at ''; linking object as if no debug info
  Epic_Fall_3D.vcxproj -> D:\projects\epic_fall\Epic_Fall_3D\x64\Debug\Epic_Fall_3D.exe
